[0.065s] Invoking command in '/home/kk/kk_ws/src/kk_driver_package/build/kk_driver': AMENT_PREFIX_PATH=/home/kk/kk_ws/src/kk_driver_package/install/kk_driver_msg:${AMENT_PREFIX_PATH} CMAKE_PREFIX_PATH=/home/kk/kk_ws/src/kk_driver_package/install/kk_driver_msg:/home/kk/kk_ws/install/kk_driver:/home/kk/kk_ws/install/kk_driver_msg:/home/kk/kk_ws/install/kk_simulator:/home/kk/kk_ws/install/kk_receiver:/home/kk/kk_ws/install/core_camera:/opt/ros/humble LD_LIBRARY_PATH=/home/kk/kk_ws/src/kk_driver_package/install/kk_driver_msg/lib:${LD_LIBRARY_PATH} PYTHONPATH=/home/kk/kk_ws/src/kk_driver_package/install/kk_driver_msg/local/lib/python3.10/dist-packages:${PYTHONPATH} /usr/bin/cmake /home/kk/kk_ws/src/kk_driver_package/kk_driver -DCMAKE_INSTALL_PREFIX=/home/kk/kk_ws/src/kk_driver_package/install/kk_driver
[0.411s] -- The C compiler identification is GNU 11.4.0
[1.106s] -- The CXX compiler identification is GNU 11.4.0
[1.187s] -- Detecting C compiler ABI info
[2.124s] -- Detecting C compiler ABI info - done
[2.207s] -- Check for working C compiler: /usr/bin/cc - skipped
[2.210s] -- Detecting C compile features
[2.214s] -- Detecting C compile features - done
[2.256s] -- Detecting CXX compiler ABI info
[3.233s] -- Detecting CXX compiler ABI info - done
[3.319s] -- Check for working CXX compiler: /usr/bin/c++ - skipped
[3.323s] -- Detecting CXX compile features
[3.327s] -- Detecting CXX compile features - done
[3.397s] -- Found ament_cmake: 1.3.11 (/opt/ros/humble/share/ament_cmake/cmake)
[5.427s] -- Found Python3: /usr/bin/python3 (found version "3.10.12") found components: Interpreter 
[7.091s] -- Found rclcpp: 16.0.11 (/opt/ros/humble/share/rclcpp/cmake)
[8.409s] -- Found rosidl_generator_c: 3.1.6 (/opt/ros/humble/share/rosidl_generator_c/cmake)
[8.571s] -- Found rosidl_adapter: 3.1.6 (/opt/ros/humble/share/rosidl_adapter/cmake)
[8.785s] -- Found rosidl_generator_cpp: 3.1.6 (/opt/ros/humble/share/rosidl_generator_cpp/cmake)
[9.046s] -- Using all available rosidl_typesupport_c: rosidl_typesupport_fastrtps_c;rosidl_typesupport_introspection_c
[9.406s] -- Using all available rosidl_typesupport_cpp: rosidl_typesupport_fastrtps_cpp;rosidl_typesupport_introspection_cpp
[10.327s] -- Found rmw_implementation_cmake: 6.1.2 (/opt/ros/humble/share/rmw_implementation_cmake/cmake)
[10.420s] -- Found rmw_fastrtps_cpp: 6.2.7 (/opt/ros/humble/share/rmw_fastrtps_cpp/cmake)
[12.109s] -- Found OpenSSL: /usr/lib/aarch64-linux-gnu/libcrypto.so (found version "3.0.2")  
[12.337s] -- Found FastRTPS: /opt/ros/humble/include  
[12.699s] -- Using RMW implementation 'rmw_fastrtps_cpp' as default
[12.801s] -- Looking for pthread.h
[13.607s] -- Looking for pthread.h - found
[13.613s] -- Performing Test CMAKE_HAVE_LIBC_PTHREAD
[14.291s] -- Performing Test CMAKE_HAVE_LIBC_PTHREAD - Success
[14.296s] -- Found Threads: TRUE  
[14.870s] -- Found kk_driver_msg: 0.0.1 (/home/kk/kk_ws/src/kk_driver_package/install/kk_driver_msg/share/kk_driver_msg/cmake)
[15.748s] -- Configuring done
[15.911s] -- Generating done
[15.957s] -- Build files have been written to: /home/kk/kk_ws/src/kk_driver_package/build/kk_driver
[16.020s] Invoked command in '/home/kk/kk_ws/src/kk_driver_package/build/kk_driver' returned '0': AMENT_PREFIX_PATH=/home/kk/kk_ws/src/kk_driver_package/install/kk_driver_msg:${AMENT_PREFIX_PATH} CMAKE_PREFIX_PATH=/home/kk/kk_ws/src/kk_driver_package/install/kk_driver_msg:/home/kk/kk_ws/install/kk_driver:/home/kk/kk_ws/install/kk_driver_msg:/home/kk/kk_ws/install/kk_simulator:/home/kk/kk_ws/install/kk_receiver:/home/kk/kk_ws/install/core_camera:/opt/ros/humble LD_LIBRARY_PATH=/home/kk/kk_ws/src/kk_driver_package/install/kk_driver_msg/lib:${LD_LIBRARY_PATH} PYTHONPATH=/home/kk/kk_ws/src/kk_driver_package/install/kk_driver_msg/local/lib/python3.10/dist-packages:${PYTHONPATH} /usr/bin/cmake /home/kk/kk_ws/src/kk_driver_package/kk_driver -DCMAKE_INSTALL_PREFIX=/home/kk/kk_ws/src/kk_driver_package/install/kk_driver
[16.041s] Invoking command in '/home/kk/kk_ws/src/kk_driver_package/build/kk_driver': AMENT_PREFIX_PATH=/home/kk/kk_ws/src/kk_driver_package/install/kk_driver_msg:${AMENT_PREFIX_PATH} CMAKE_PREFIX_PATH=/home/kk/kk_ws/src/kk_driver_package/install/kk_driver_msg:/home/kk/kk_ws/install/kk_driver:/home/kk/kk_ws/install/kk_driver_msg:/home/kk/kk_ws/install/kk_simulator:/home/kk/kk_ws/install/kk_receiver:/home/kk/kk_ws/install/core_camera:/opt/ros/humble LD_LIBRARY_PATH=/home/kk/kk_ws/src/kk_driver_package/install/kk_driver_msg/lib:${LD_LIBRARY_PATH} PYTHONPATH=/home/kk/kk_ws/src/kk_driver_package/install/kk_driver_msg/local/lib/python3.10/dist-packages:${PYTHONPATH} /usr/bin/cmake --build /home/kk/kk_ws/src/kk_driver_package/build/kk_driver -- -j4 -l4
[16.417s] [ 50%] [32mBuilding CXX object CMakeFiles/kk_driver.dir/src/driver.cpp.o[0m
[20.756s] In file included from [01m[K/home/kk/kk_ws/src/kk_driver_package/kk_driver/src/driver.cpp:1[m[K:
[20.757s] [01m[K/home/kk/kk_ws/src/kk_driver_package/kk_driver/src/../include/uart.hpp:[m[K In constructor â€˜[01m[KUART::UART()[m[Kâ€™:
[20.758s] [01m[K/home/kk/kk_ws/src/kk_driver_package/kk_driver/src/../include/uart.hpp:26:12:[m[K [01;35m[Kwarning: [m[Kâ€˜[01m[KUART::buffer_tail_[m[Kâ€™ will be initialized after [[01;35m[K]8;;https://gcc.gnu.org/onlinedocs/gcc/Warning-Options.html#index-Wreorder-Wreorder]8;;[m[K]
[20.759s]    26 |     size_t [01;35m[Kbuffer_tail_[m[K;
[20.760s]       |            [01;35m[K^~~~~~~~~~~~[m[K
[20.761s] [01m[K/home/kk/kk_ws/src/kk_driver_package/kk_driver/src/../include/uart.hpp:23:23:[m[K [01;35m[Kwarning: [m[K  â€˜[01m[Kstd::atomic<bool> UART::running_[m[Kâ€™ [[01;35m[K]8;;https://gcc.gnu.org/onlinedocs/gcc/Warning-Options.html#index-Wreorder-Wreorder]8;;[m[K]
[20.762s]    23 |     std::atomic<bool> [01;35m[Krunning_[m[K;
[20.763s]       |                       [01;35m[K^~~~~~~~[m[K
[20.764s] In file included from [01m[K/home/kk/kk_ws/src/kk_driver_package/kk_driver/src/driver.cpp:1[m[K:
[20.764s] [01m[K/home/kk/kk_ws/src/kk_driver_package/kk_driver/src/../include/uart.hpp:64:5:[m[K [01;35m[Kwarning: [m[K  when initialized here [[01;35m[K]8;;https://gcc.gnu.org/onlinedocs/gcc/Warning-Options.html#index-Wreorder-Wreorder]8;;[m[K]
[20.765s]    64 |     [01;35m[KUART[m[K(): ring_buffer_(BUFFER_SIZE), buffer_head_(0), buffer_tail_(0), running_(false), buffer_overflowed_(false)
[20.766s]       |     [01;35m[K^~~~[m[K
[32.012s] In file included from [01m[K/home/kk/kk_ws/src/kk_driver_package/kk_driver/src/../include/protocol/_protocol.hpp:3[m[K,
[32.013s]                  from [01m[K/home/kk/kk_ws/src/kk_driver_package/kk_driver/src/driver.cpp:19[m[K:
[32.014s] [01m[K/home/kk/kk_ws/src/kk_driver_package/kk_driver/src/../include/protocol/epb.hpp:[m[K In static member function â€˜[01m[Kstatic bool EPB::Can::isMe(CanMessage&, uint16_t&)[m[Kâ€™:
[32.016s] [01m[K/home/kk/kk_ws/src/kk_driver_package/kk_driver/src/../include/protocol/epb.hpp:27:60:[m[K [01;35m[Kwarning: [m[Kunused parameter â€˜[01m[Kid[m[Kâ€™ [[01;35m[K]8;;https://gcc.gnu.org/onlinedocs/gcc/Warning-Options.html#index-Wunused-parameter-Wunused-parameter]8;;[m[K]
[32.017s]    27 |         inline static bool isMe(CanMessage& msg, [01;35m[Kuint16_t& id[m[K){
[32.018s]       |                                                  [01;35m[K~~~~~~~~~~^~[m[K
[32.020s] In file included from [01m[K/home/kk/kk_ws/src/kk_driver_package/kk_driver/src/../include/protocol/_protocol.hpp:4[m[K,
[32.021s]                  from [01m[K/home/kk/kk_ws/src/kk_driver_package/kk_driver/src/driver.cpp:19[m[K:
[32.022s] [01m[K/home/kk/kk_ws/src/kk_driver_package/kk_driver/src/../include/protocol/epbfb.hpp:[m[K In static member function â€˜[01m[Kstatic bool EPBFeedBack::Can::isMe(CanMessage&, uint16_t&)[m[Kâ€™:
[32.023s] [01m[K/home/kk/kk_ws/src/kk_driver_package/kk_driver/src/../include/protocol/epbfb.hpp:27:60:[m[K [01;35m[Kwarning: [m[Kunused parameter â€˜[01m[Kid[m[Kâ€™ [[01;35m[K]8;;https://gcc.gnu.org/onlinedocs/gcc/Warning-Options.html#index-Wunused-parameter-Wunused-parameter]8;;[m[K]
[32.023s]    27 |         inline static bool isMe(CanMessage& msg, [01;35m[Kuint16_t& id[m[K){
[32.024s]       |                                                  [01;35m[K~~~~~~~~~~^~[m[K
[32.056s] In file included from [01m[K/home/kk/kk_ws/src/kk_driver_package/kk_driver/src/../include/protocol/_protocol.hpp:8[m[K,
[32.057s]                  from [01m[K/home/kk/kk_ws/src/kk_driver_package/kk_driver/src/driver.cpp:19[m[K:
[32.058s] [01m[K/home/kk/kk_ws/src/kk_driver_package/kk_driver/src/../include/protocol/c610.hpp:[m[K In member function â€˜[01m[KCanMessage C610::Can::encode(uint16_t, uint8_t)[m[Kâ€™:
[32.059s] [01m[K/home/kk/kk_ws/src/kk_driver_package/kk_driver/src/../include/protocol/c610.hpp:44:36:[m[K [01;35m[Kwarning: [m[Kunused parameter â€˜[01m[Kchild_id[m[Kâ€™ [[01;35m[K]8;;https://gcc.gnu.org/onlinedocs/gcc/Warning-Options.html#index-Wunused-parameter-Wunused-parameter]8;;[m[K]
[32.060s]    44 |         CanMessage encode([01;35m[Kuint16_t child_id[m[K, uint8_t port = 0){
[32.061s]       |                           [01;35m[K~~~~~~~~~^~~~~~~~[m[K
[33.586s] [01m[K/home/kk/kk_ws/src/kk_driver_package/kk_driver/src/driver.cpp:[m[K In lambda function:
[33.587s] [01m[K/home/kk/kk_ws/src/kk_driver_package/kk_driver/src/driver.cpp:120:52:[m[K [01;31m[Kerror: [m[Kâ€˜[01m[Kusing element_type = struct kk_driver_msg::msg::MotorCmd_<std::allocator<void> >[m[Kâ€™ {aka â€˜[01m[Kstruct kk_driver_msg::msg::MotorCmd_<std::allocator<void> >[m[Kâ€™} has no member named â€˜[01m[Kchild_id[m[Kâ€™
[33.588s]   120 |                 motor_uart_encoder.child_id = msg->[01;31m[Kchild_id[m[K;
[33.589s]       |                                                    [01;31m[K^~~~~~~~[m[K
[33.590s] [01m[K/home/kk/kk_ws/src/kk_driver_package/kk_driver/src/driver.cpp:126:55:[m[K [01;31m[Kerror: [m[Kâ€˜[01m[Kusing element_type = struct kk_driver_msg::msg::MotorCmd_<std::allocator<void> >[m[Kâ€™ {aka â€˜[01m[Kstruct kk_driver_msg::msg::MotorCmd_<std::allocator<void> >[m[Kâ€™} has no member named â€˜[01m[Kctrl[m[Kâ€™
[33.591s]   126 |                     motor_uart_encoder.ctrl[i] = msg->[01;31m[Kctrl[m[K[i];
[33.592s]       |                                                       [01;31m[K^~~~[m[K
[33.593s] [01m[K/home/kk/kk_ws/src/kk_driver_package/kk_driver/src/driver.cpp:128:30:[m[K [01;31m[Kerror: [m[Kâ€˜[01m[Kusing element_type = struct kk_driver_msg::msg::MotorCmd_<std::allocator<void> >[m[Kâ€™ {aka â€˜[01m[Kstruct kk_driver_msg::msg::MotorCmd_<std::allocator<void> >[m[Kâ€™} has no member named â€˜[01m[Kctrl[m[Kâ€™
[33.594s]   128 |                     if (msg->[01;31m[Kctrl[m[K[i] == 1){
[33.595s]       |                              [01;31m[K^~~~[m[K
[33.673s] [01m[K/home/kk/kk_ws/src/kk_driver_package/kk_driver/src/driver.cpp:[m[K In lambda function:
[33.674s] [01m[K/home/kk/kk_ws/src/kk_driver_package/kk_driver/src/driver.cpp:169:60:[m[K [01;35m[Kwarning: [m[Kunused parameter â€˜[01m[Kmsg[m[Kâ€™ [[01;35m[K]8;;https://gcc.gnu.org/onlinedocs/gcc/Warning-Options.html#index-Wunused-parameter-Wunused-parameter]8;;[m[K]
[33.676s]   169 |         [&]([01;35m[Kconst kk_driver_msg::msg::Gm6020Cmd::SharedPtr msg[m[K){
[33.677s]       |             [01;35m[K~~~~~~~~~~~~~~~~~~~~~~~~~~~~~~~~~~~~~~~~~~~~~~~^~~[m[K
[70.009s] gmake[2]: *** [CMakeFiles/kk_driver.dir/build.make:76: CMakeFiles/kk_driver.dir/src/driver.cpp.o] Error 1
[70.011s] gmake[1]: *** [CMakeFiles/Makefile2:137: CMakeFiles/kk_driver.dir/all] Error 2
[70.013s] gmake: *** [Makefile:146: all] Error 2
[70.031s] Invoked command in '/home/kk/kk_ws/src/kk_driver_package/build/kk_driver' returned '2': AMENT_PREFIX_PATH=/home/kk/kk_ws/src/kk_driver_package/install/kk_driver_msg:${AMENT_PREFIX_PATH} CMAKE_PREFIX_PATH=/home/kk/kk_ws/src/kk_driver_package/install/kk_driver_msg:/home/kk/kk_ws/install/kk_driver:/home/kk/kk_ws/install/kk_driver_msg:/home/kk/kk_ws/install/kk_simulator:/home/kk/kk_ws/install/kk_receiver:/home/kk/kk_ws/install/core_camera:/opt/ros/humble LD_LIBRARY_PATH=/home/kk/kk_ws/src/kk_driver_package/install/kk_driver_msg/lib:${LD_LIBRARY_PATH} PYTHONPATH=/home/kk/kk_ws/src/kk_driver_package/install/kk_driver_msg/local/lib/python3.10/dist-packages:${PYTHONPATH} /usr/bin/cmake --build /home/kk/kk_ws/src/kk_driver_package/build/kk_driver -- -j4 -l4
